<?xml version="1.0" encoding="UTF-8"?>
<testsuite name="com.untitle.domain.posts.PostsRepositoryTest" tests="2" skipped="0" failures="0" errors="0" timestamp="2020-09-16T05:49:32" hostname="DESKTOP-PQ5DENJ" time="0.104">
  <properties/>
  <testcase name="게시글저장_불러오기" classname="com.untitle.domain.posts.PostsRepositoryTest" time="0.059"/>
  <testcase name="BaseTimeEntity_등록" classname="com.untitle.domain.posts.PostsRepositoryTest" time="0.045"/>
  <system-out><![CDATA[2020-09-16 14:49:27.353  INFO 14644 --- [    Test worker] .b.t.c.SpringBootTestContextBootstrapper : Neither @ContextConfiguration nor @ContextHierarchy found for test class [com.untitle.domain.posts.PostsRepositoryTest], using SpringBootContextLoader
2020-09-16 14:49:27.355  INFO 14644 --- [    Test worker] o.s.t.c.support.AbstractContextLoader    : Could not detect default resource locations for test class [com.untitle.domain.posts.PostsRepositoryTest]: no resource found for suffixes {-context.xml, Context.groovy}.
2020-09-16 14:49:27.355  INFO 14644 --- [    Test worker] t.c.s.AnnotationConfigContextLoaderUtils : Could not detect default configuration classes for test class [com.untitle.domain.posts.PostsRepositoryTest]: PostsRepositoryTest does not declare any static, non-private, non-final, nested classes annotated with @Configuration.
2020-09-16 14:49:27.391  INFO 14644 --- [    Test worker] .b.t.c.SpringBootTestContextBootstrapper : Found @SpringBootConfiguration com.untitle.Application for test class com.untitle.domain.posts.PostsRepositoryTest
2020-09-16 14:49:27.406  INFO 14644 --- [    Test worker] .b.t.c.SpringBootTestContextBootstrapper : Loaded default TestExecutionListener class names from location [META-INF/spring.factories]: [org.springframework.boot.test.autoconfigure.restdocs.RestDocsTestExecutionListener, org.springframework.boot.test.autoconfigure.web.client.MockRestServiceServerResetTestExecutionListener, org.springframework.boot.test.autoconfigure.web.servlet.MockMvcPrintOnlyOnFailureTestExecutionListener, org.springframework.boot.test.autoconfigure.web.servlet.WebDriverTestExecutionListener, org.springframework.boot.test.mock.mockito.MockitoTestExecutionListener, org.springframework.boot.test.mock.mockito.ResetMocksTestExecutionListener, org.springframework.test.context.web.ServletTestExecutionListener, org.springframework.test.context.support.DirtiesContextBeforeModesTestExecutionListener, org.springframework.test.context.support.DependencyInjectionTestExecutionListener, org.springframework.test.context.support.DirtiesContextTestExecutionListener, org.springframework.test.context.transaction.TransactionalTestExecutionListener, org.springframework.test.context.jdbc.SqlScriptsTestExecutionListener]
2020-09-16 14:49:27.406  INFO 14644 --- [    Test worker] .b.t.c.SpringBootTestContextBootstrapper : Using TestExecutionListeners: [org.springframework.test.context.web.ServletTestExecutionListener@5d34d5ff, org.springframework.test.context.support.DirtiesContextBeforeModesTestExecutionListener@42bef92b, org.springframework.boot.test.mock.mockito.MockitoTestExecutionListener@2315c978, org.springframework.boot.test.autoconfigure.SpringBootDependencyInjectionTestExecutionListener@38d40a83, org.springframework.test.context.support.DirtiesContextTestExecutionListener@4334ab4b, org.springframework.test.context.transaction.TransactionalTestExecutionListener@767665a7, org.springframework.test.context.jdbc.SqlScriptsTestExecutionListener@7b252c18, org.springframework.boot.test.autoconfigure.restdocs.RestDocsTestExecutionListener@63bda1ed, org.springframework.boot.test.autoconfigure.web.client.MockRestServiceServerResetTestExecutionListener@5b52022, org.springframework.boot.test.autoconfigure.web.servlet.MockMvcPrintOnlyOnFailureTestExecutionListener@40ab366e, org.springframework.boot.test.autoconfigure.web.servlet.WebDriverTestExecutionListener@123c878f, org.springframework.boot.test.mock.mockito.ResetMocksTestExecutionListener@1c80feec]

  .   ____          _            __ _ _
 /\\ / ___'_ __ _ _(_)_ __  __ _ \ \ \ \
( ( )\___ | '_ | '_| | '_ \/ _` | \ \ \ \
 \\/  ___)| |_)| | | | | || (_| |  ) ) ) )
  '  |____| .__|_| |_|_| |_\__, | / / / /
 =========|_|==============|___/=/_/_/_/
 :: Spring Boot ::        (v2.1.9.RELEASE)

2020-09-16 14:49:27.600  INFO 14644 --- [    Test worker] c.u.domain.posts.PostsRepositoryTest     : Starting PostsRepositoryTest on DESKTOP-PQ5DENJ with PID 14644 (started by 박민희 in C:\Users\박민희\IdeaProjects\untitled)
2020-09-16 14:49:27.601  INFO 14644 --- [    Test worker] c.u.domain.posts.PostsRepositoryTest     : The following profiles are active: oauth
2020-09-16 14:49:28.180  INFO 14644 --- [    Test worker] .s.d.r.c.RepositoryConfigurationDelegate : Bootstrapping Spring Data repositories in DEFAULT mode.
2020-09-16 14:49:28.227  INFO 14644 --- [    Test worker] .s.d.r.c.RepositoryConfigurationDelegate : Finished Spring Data repository scanning in 46ms. Found 2 repository interfaces.
2020-09-16 14:49:28.524  INFO 14644 --- [    Test worker] trationDelegate$BeanPostProcessorChecker : Bean 'org.springframework.transaction.annotation.ProxyTransactionManagementConfiguration' of type [org.springframework.transaction.annotation.ProxyTransactionManagementConfiguration$$EnhancerBySpringCGLIB$$822b321a] is not eligible for getting processed by all BeanPostProcessors (for example: not eligible for auto-proxying)
2020-09-16 14:49:28.787  INFO 14644 --- [    Test worker] com.zaxxer.hikari.HikariDataSource       : HikariPool-2 - Starting...
2020-09-16 14:49:28.791  INFO 14644 --- [    Test worker] com.zaxxer.hikari.HikariDataSource       : HikariPool-2 - Start completed.
2020-09-16 14:49:28.873  INFO 14644 --- [    Test worker] o.hibernate.jpa.internal.util.LogHelper  : HHH000204: Processing PersistenceUnitInfo [
	name: default
	...]
2020-09-16 14:49:29.000  INFO 14644 --- [    Test worker] org.hibernate.dialect.Dialect            : HHH000400: Using dialect: org.hibernate.dialect.MySQL5InnoDBDialect
Hibernate: drop table if exists posts
Hibernate: drop table if exists user
Hibernate: create table posts (id bigint not null auto_increment, created_date datetime, modified_date datetime, author varchar(255), content TEXT not null, title varchar(500) not null, primary key (id)) engine=InnoDB
Hibernate: create table user (id bigint not null auto_increment, created_date datetime, modified_date datetime, email varchar(255) not null, name varchar(255) not null, picture varchar(255), role varchar(255) not null, primary key (id)) engine=InnoDB
2020-09-16 14:49:29.124  INFO 14644 --- [    Test worker] o.h.t.schema.internal.SchemaCreatorImpl  : HHH000476: Executing import script 'org.hibernate.tool.schema.internal.exec.ScriptSourceInputNonExistentImpl@600aa475'
2020-09-16 14:49:29.125  INFO 14644 --- [    Test worker] j.LocalContainerEntityManagerFactoryBean : Initialized JPA EntityManagerFactory for persistence unit 'default'
2020-09-16 14:49:29.651  INFO 14644 --- [    Test worker] o.h.h.i.QueryTranslatorFactoryInitiator  : HHH000397: Using ASTQueryTranslatorFactory
2020-09-16 14:49:30.096  INFO 14644 --- [    Test worker] o.s.s.web.DefaultSecurityFilterChain     : Creating filter chain: any request, [org.springframework.security.web.context.request.async.WebAsyncManagerIntegrationFilter@2e4bb519, org.springframework.security.web.context.SecurityContextPersistenceFilter@386df6ee, org.springframework.security.web.header.HeaderWriterFilter@63d6851a, org.springframework.security.web.authentication.logout.LogoutFilter@1e9896ef, org.springframework.security.oauth2.client.web.OAuth2AuthorizationRequestRedirectFilter@47d527a7, org.springframework.security.oauth2.client.web.OAuth2LoginAuthenticationFilter@62aab6a4, org.springframework.security.web.authentication.ui.DefaultLoginPageGeneratingFilter@4915c3a5, org.springframework.security.web.authentication.ui.DefaultLogoutPageGeneratingFilter@5f360822, org.springframework.security.web.savedrequest.RequestCacheAwareFilter@47e791e, org.springframework.security.web.servletapi.SecurityContextHolderAwareRequestFilter@5357d2de, org.springframework.security.web.authentication.AnonymousAuthenticationFilter@31b0f47c, org.springframework.security.web.session.SessionManagementFilter@2cc6c3c2, org.springframework.security.web.access.ExceptionTranslationFilter@1795775a, org.springframework.security.web.access.intercept.FilterSecurityInterceptor@52e8446]
2020-09-16 14:49:31.107  INFO 14644 --- [    Test worker] o.s.s.concurrent.ThreadPoolTaskExecutor  : Initializing ExecutorService 'applicationTaskExecutor'
2020-09-16 14:49:31.147  WARN 14644 --- [    Test worker] aWebConfiguration$JpaWebMvcConfiguration : spring.jpa.open-in-view is enabled by default. Therefore, database queries may be performed during view rendering. Explicitly configure spring.jpa.open-in-view to disable this warning
2020-09-16 14:49:31.217  INFO 14644 --- [    Test worker] o.s.b.a.w.s.WelcomePageHandlerMapping    : Adding welcome page template: index
2020-09-16 14:49:32.239  INFO 14644 --- [    Test worker] s.a.ScheduledAnnotationBeanPostProcessor : No TaskScheduler/ScheduledExecutorService bean found for scheduled processing
2020-09-16 14:49:32.241  INFO 14644 --- [    Test worker] c.u.domain.posts.PostsRepositoryTest     : Started PostsRepositoryTest in 4.83 seconds (JVM running for 21.497)
Hibernate: insert into posts (created_date, modified_date, author, content, title) values (?, ?, ?, ?, ?)
Hibernate: select posts0_.id as id1_0_, posts0_.created_date as created_2_0_, posts0_.modified_date as modified3_0_, posts0_.author as author4_0_, posts0_.content as content5_0_, posts0_.title as title6_0_ from posts posts0_
Hibernate: select posts0_.id as id1_0_, posts0_.created_date as created_2_0_, posts0_.modified_date as modified3_0_, posts0_.author as author4_0_, posts0_.content as content5_0_, posts0_.title as title6_0_ from posts posts0_
Hibernate: delete from posts where id=?
Hibernate: insert into posts (created_date, modified_date, author, content, title) values (?, ?, ?, ?, ?)
Hibernate: select posts0_.id as id1_0_, posts0_.created_date as created_2_0_, posts0_.modified_date as modified3_0_, posts0_.author as author4_0_, posts0_.content as content5_0_, posts0_.title as title6_0_ from posts posts0_
>>>>>>>>>>> createDate=2020-09-16T14:49:32.333, modifiedDate=2020-09-16T14:49:32.333
Hibernate: select posts0_.id as id1_0_, posts0_.created_date as created_2_0_, posts0_.modified_date as modified3_0_, posts0_.author as author4_0_, posts0_.content as content5_0_, posts0_.title as title6_0_ from posts posts0_
Hibernate: delete from posts where id=?
]]></system-out>
  <system-err><![CDATA[]]></system-err>
</testsuite>
